GNU gdb (Gentoo 10.1 vanilla) 10.1
Copyright (C) 2020 Free Software Foundation, Inc.
License GPLv3+: GNU GPL version 3 or later <http://gnu.org/licenses/gpl.html>
This is free software: you are free to change and redistribute it.
There is NO WARRANTY, to the extent permitted by law.
Type "show copying" and "show warranty" for details.
This GDB was configured as "armv7a-unknown-linux-gnueabihf".
Type "show configuration" for configuration details.
For bug reporting instructions, please see:
<https://bugs.gentoo.org/>.
Find the GDB manual and other documentation resources online at:
    <http://www.gnu.org/software/gdb/documentation/>.

For help, type "help".
Type "apropos word" to search for commands related to "word"...
Reading symbols from tester...
[New LWP 16283]
[Thread debugging using libthread_db enabled]
Using host libthread_db library "/lib/libthread_db.so.1".
Core was generated by `./tester'.
Program terminated with signal SIGSEGV, Segmentation fault.
#0  google::protobuf::internal::ArenaImpl::record_allocs (this=0x8b3f1200)
    at /usr/include/google/protobuf/arena_impl.h:352
352	  inline bool record_allocs() const { return lifecycle_id_ & 1; }
#0  google::protobuf::internal::ArenaImpl::record_allocs (this=0x8b3f1200)
    at /usr/include/google/protobuf/arena_impl.h:352
#1  0x0001a4f4 in google::protobuf::internal::ArenaImpl::RecordAlloc (
    this=0x8b3f1200, allocated_type=0x0, n=24)
    at /usr/include/google/protobuf/arena_impl.h:316
#2  0xb6e784ec in google::protobuf::Arena::AllocateInternal<std::__cxx11::basic_string<char, std::char_traits<char>, std::allocator<char> > > (
    skip_explicit_ownership=false, this=0x8b3f1200)
    at /usr/src/debug/dev-libs/protobuf-3.14.0/protobuf-3.14.0/src/google/protobuf/arena.h:491
#3  google::protobuf::Arena::DoCreate<std::__cxx11::basic_string<char, std::char_traits<char>, std::allocator<char> >, std::__cxx11::basic_string<char, std::char_traits<char>, std::allocator<char> > > (skip_explicit_ownership=false, 
    this=0x8b3f1200)
    at /usr/src/debug/dev-libs/protobuf-3.14.0/protobuf-3.14.0/src/google/protobuf/arena.h:571
#4  google::protobuf::Arena::CreateInternal<std::__cxx11::basic_string<char, std::char_traits<char>, std::allocator<char> >, std::__cxx11::basic_string<char, std::char_traits<char>, std::allocator<char> > > (arena=0x8b3f1200)
    at /usr/src/debug/dev-libs/protobuf-3.14.0/protobuf-3.14.0/src/google/protobuf/arena.h:477
#5  google::protobuf::Arena::DoCreateMaybeMessage<std::__cxx11::basic_string<char, std::char_traits<char>, std::allocator<char> >, std::__cxx11::basic_string<char, std::char_traits<char>, std::allocator<char> > > (arena=0x8b3f1200)
    at /usr/src/debug/dev-libs/protobuf-3.14.0/protobuf-3.14.0/src/google/protobuf/arena.h:525
#6  google::protobuf::Arena::CreateMaybeMessage<std::__cxx11::basic_string<char, std::char_traits<char>, std::allocator<char> >, std::__cxx11::basic_string<char, std::char_traits<char>, std::allocator<char> > > (arena=0x8b3f1200)
    at /usr/src/debug/dev-libs/protobuf-3.14.0/protobuf-3.14.0/src/google/protobuf/arena.h:531
#7  google::protobuf::Arena::CreateNoMessage<std::__cxx11::basic_string<char, std::char_traits<char>, std::allocator<char> >, std::__cxx11::basic_string<char, std::char_traits<char>, std::allocator<char> > > (arena=0x8b3f1200)
    at /usr/src/debug/dev-libs/protobuf-3.14.0/protobuf-3.14.0/src/google/protobuf/arena.h:551
#8  google::protobuf::Arena::Create<std::__cxx11::basic_string<char, std::char_traits<char>, std::allocator<char> >, std::__cxx11::basic_string<char, std::char_traits<char>, std::allocator<char> > > (arena=0x8b3f1200)
    at /usr/src/debug/dev-libs/protobuf-3.14.0/protobuf-3.14.0/src/google/protobuf/arena.h:293
#9  google::protobuf::internal::ArenaStringPtr::Set (this=0x33328, 
    default_value=0x2d12c <google::protobuf::internal::fixed_address_empty_string>, value=..., arena=0x8b3f1200)
    at /usr/src/debug/dev-libs/protobuf-3.14.0/protobuf-3.14.0/src/google/protobuf/arenastring.cc:80
#10 0xb6e786cc in google::protobuf::internal::ArenaStringPtr::Set (
    this=0x33328, value=..., arena=0x8b3f1200)
    at /usr/src/debug/dev-libs/protobuf-3.14.0/protobuf-3.14.0/src/google/protobuf/arenastring.cc:99
#11 0x000165f8 in rom_id::set_id (this=0x33320, value=0x1b98c "asd")
    at /home/dave/t/poc.pb.h:365
#12 0x00016474 in main () at /home/dave/t/main.cpp:5
(gdb) 